<?xml version="1.0" encoding="UTF-8"?>
<!-- Generated by org.testng.reporters.JUnitXMLReporter -->
<testsuite ignored="0" hostname="SeenaReddy" failures="0" tests="3" name="Test" time="21.307" errors="0" timestamp="2025-01-28T19:48:42 MST">
  <testcase classname="testNGScenarios.OpensourcetestingLogin" name="f" time="8.719"/>
  <testcase classname="testNGScenarios.FBlogin" name="f" time="5.101"/>
  <testcase classname="testNGScenarios.Blazedemo" name="tc_01" time="7.395"/>
</testsuite> <!-- Test -->
